{"timestamp":"2025-11-04T22:59:20.108585Z","level":"info","event":"DAG bundles loaded: dags-folder, example_dags","logger":"airflow.dag_processing.bundles.manager.DagBundlesManager","filename":"manager.py","lineno":179}
{"timestamp":"2025-11-04T22:59:20.111146Z","level":"info","event":"Filling up the DagBag from /opt/airflow/dags/youtube_etl_dag.py","logger":"airflow.models.dagbag.DagBag","filename":"dagbag.py","lineno":593}
{"timestamp":"2025-11-04T22:59:20.345107Z","level":"info","event":"file_cache is only supported with oauth2client<4.0.0","logger":"googleapiclient.discovery_cache","filename":"__init__.py","lineno":49}
{"timestamp":"2025-11-04T22:59:20.408353Z","level":"warning","event":"The `airflow.operators.python.PythonOperator` attribute is deprecated. Please use `'airflow.providers.standard.operators.python.PythonOperator'`.","category":"DeprecatedImportWarning","filename":"/opt/airflow/dags/youtube_etl_dag.py","lineno":10,"logger":"py.warnings"}
{"timestamp":"2025-11-04T22:59:20.563086Z","level":"info","event":"Task instance is in running state","logger":"task.stdout"}
{"timestamp":"2025-11-04T22:59:20.564181Z","level":"info","event":" Previous state of the Task instance: TaskInstanceState.QUEUED","logger":"task.stdout"}
{"timestamp":"2025-11-04T22:59:20.564621Z","level":"info","event":"Current task name:load","logger":"task.stdout"}
{"timestamp":"2025-11-04T22:59:20.564851Z","level":"info","event":"Dag name:youtube_hk_finance_etl","logger":"task.stdout"}
{"timestamp":"2025-11-04T22:59:20.575904Z","level":"info","event":"Connected to social_media_db successfully","logger":"task.stdout"}
{"timestamp":"2025-11-04T22:59:20.640642Z","level":"warning","event":"Passing literal json to 'read_json' is deprecated and will be removed in a future version. To read from a literal string, wrap it in a 'StringIO' object.","category":"FutureWarning","filename":"/opt/airflow/dags/youtube_etl_dag.py","lineno":246,"logger":"py.warnings"}
{"timestamp":"2025-11-04T22:59:20.679957Z","level":"warning","event":"Passing literal json to 'read_json' is deprecated and will be removed in a future version. To read from a literal string, wrap it in a 'StringIO' object.","category":"FutureWarning","filename":"/opt/airflow/dags/youtube_etl_dag.py","lineno":247,"logger":"py.warnings"}
{"timestamp":"2025-11-04T22:59:20.714139Z","level":"info","event":"LOAD FAILED: subject table for an INSERT, UPDATE or DELETE expected, got                  channel_id  ...          updated_at","logger":"task.stdout"}
{"timestamp":"2025-11-04T22:59:20.714393Z","level":"info","event":"0  UCD5Lx-3KCYZzCzGF2A60STg  ... 2025-11-04 22:54:04","logger":"task.stdout"}
{"timestamp":"2025-11-04T22:59:20.714493Z","level":"info","event":"","logger":"task.stdout"}
{"timestamp":"2025-11-04T22:59:20.714655Z","level":"info","event":"[1 rows x 6 columns].","logger":"task.stdout"}
{"timestamp":"2025-11-04T22:59:20.713699Z","level":"error","event":"Task failed with exception","logger":"task","filename":"task_runner.py","lineno":994,"error_detail":[{"exc_type":"ArgumentError","exc_value":"subject table for an INSERT, UPDATE or DELETE expected, got                  channel_id  ...          updated_at\n0  UCD5Lx-3KCYZzCzGF2A60STg  ... 2025-11-04 22:54:04\n\n[1 rows x 6 columns].","exc_notes":[],"syntax_error":null,"is_cause":false,"frames":[{"filename":"/home/airflow/.local/lib/python3.12/site-packages/airflow/sdk/execution_time/task_runner.py","lineno":920,"name":"run"},{"filename":"/home/airflow/.local/lib/python3.12/site-packages/airflow/sdk/execution_time/task_runner.py","lineno":1307,"name":"_execute_task"},{"filename":"/home/airflow/.local/lib/python3.12/site-packages/airflow/sdk/bases/operator.py","lineno":416,"name":"wrapper"},{"filename":"/home/airflow/.local/lib/python3.12/site-packages/airflow/providers/standard/operators/python.py","lineno":216,"name":"execute"},{"filename":"/home/airflow/.local/lib/python3.12/site-packages/airflow/providers/standard/operators/python.py","lineno":239,"name":"execute_callable"},{"filename":"/home/airflow/.local/lib/python3.12/site-packages/airflow/sdk/execution_time/callback_runner.py","lineno":82,"name":"run"},{"filename":"/opt/airflow/dags/youtube_etl_dag.py","lineno":251,"name":"_load"},{"filename":"<string>","lineno":2,"name":"insert"},{"filename":"<string>","lineno":2,"name":"__init__"},{"filename":"/home/airflow/.local/lib/python3.12/site-packages/sqlalchemy/util/deprecations.py","lineno":375,"name":"warned"},{"filename":"/home/airflow/.local/lib/python3.12/site-packages/sqlalchemy/sql/dml.py","lineno":1029,"name":"__init__"},{"filename":"/home/airflow/.local/lib/python3.12/site-packages/sqlalchemy/sql/dml.py","lineno":615,"name":"__init__"},{"filename":"/home/airflow/.local/lib/python3.12/site-packages/sqlalchemy/sql/coercions.py","lineno":193,"name":"expect"},{"filename":"/home/airflow/.local/lib/python3.12/site-packages/sqlalchemy/sql/coercions.py","lineno":378,"name":"_literal_coercion"},{"filename":"/home/airflow/.local/lib/python3.12/site-packages/sqlalchemy/sql/coercions.py","lineno":444,"name":"_raise_for_expected"},{"filename":"/home/airflow/.local/lib/python3.12/site-packages/sqlalchemy/sql/coercions.py","lineno":290,"name":"_raise_for_expected"},{"filename":"/home/airflow/.local/lib/python3.12/site-packages/sqlalchemy/util/compat.py","lineno":211,"name":"raise_"}],"is_group":false,"exceptions":[]}]}
{"timestamp":"2025-11-04T22:59:20.717901Z","level":"info","event":"Task instance in failure state","logger":"task.stdout"}
{"timestamp":"2025-11-04T22:59:20.718552Z","level":"info","event":"Task start","logger":"task.stdout"}
{"timestamp":"2025-11-04T22:59:20.719006Z","level":"info","event":"Task:<Task(PythonOperator): load>","logger":"task.stdout"}
{"timestamp":"2025-11-04T22:59:20.719902Z","level":"info","event":"Failure caused by subject table for an INSERT, UPDATE or DELETE expected, got                  channel_id  ...          updated_at","logger":"task.stdout"}
{"timestamp":"2025-11-04T22:59:20.720372Z","level":"info","event":"0  UCD5Lx-3KCYZzCzGF2A60STg  ... 2025-11-04 22:54:04","logger":"task.stdout"}
{"timestamp":"2025-11-04T22:59:20.720650Z","level":"info","event":"","logger":"task.stdout"}
{"timestamp":"2025-11-04T22:59:20.721350Z","level":"info","event":"[1 rows x 6 columns].","logger":"task.stdout"}
