[2025-11-01T22:41:28.630+0000] {taskinstance.py:1159} INFO - Dependencies all met for dep_context=non-requeueable deps ti=<TaskInstance: youtube_hk_finance_etl.extract_videos manual__2025-11-01T22:36:16.837866+00:00 [queued]>
[2025-11-01T22:41:28.658+0000] {taskinstance.py:1159} INFO - Dependencies all met for dep_context=requeueable deps ti=<TaskInstance: youtube_hk_finance_etl.extract_videos manual__2025-11-01T22:36:16.837866+00:00 [queued]>
[2025-11-01T22:41:28.658+0000] {taskinstance.py:1361} INFO - Starting attempt 2 of 2
[2025-11-01T22:41:28.672+0000] {taskinstance.py:1382} INFO - Executing <Task(PythonOperator): extract_videos> on 2025-11-01 22:36:16.837866+00:00
[2025-11-01T22:41:28.685+0000] {standard_task_runner.py:57} INFO - Started process 735 to run task
[2025-11-01T22:41:28.697+0000] {standard_task_runner.py:84} INFO - Running: ['***', 'tasks', 'run', 'youtube_hk_finance_etl', 'extract_videos', 'manual__2025-11-01T22:36:16.837866+00:00', '--job-id', '11', '--raw', '--subdir', 'DAGS_FOLDER/etl_v1.py', '--cfg-path', '/tmp/tmpo5je7mmz']
[2025-11-01T22:41:28.699+0000] {standard_task_runner.py:85} INFO - Job 11: Subtask extract_videos
[2025-11-01T22:41:28.871+0000] {task_command.py:416} INFO - Running <TaskInstance: youtube_hk_finance_etl.extract_videos manual__2025-11-01T22:36:16.837866+00:00 [running]> on host cc1fdd912e5f
[2025-11-01T22:41:29.148+0000] {taskinstance.py:1662} INFO - Exporting env vars: AIRFLOW_CTX_DAG_OWNER='***' AIRFLOW_CTX_DAG_ID='youtube_hk_finance_etl' AIRFLOW_CTX_TASK_ID='extract_videos' AIRFLOW_CTX_EXECUTION_DATE='2025-11-01T22:36:16.837866+00:00' AIRFLOW_CTX_TRY_NUMBER='2' AIRFLOW_CTX_DAG_RUN_ID='manual__2025-11-01T22:36:16.837866+00:00'
[2025-11-01T22:41:33.608+0000] {taskinstance.py:1937} ERROR - Task failed with exception
Traceback (most recent call last):
  File "/home/airflow/.local/lib/python3.8/site-packages/airflow/operators/python.py", line 192, in execute
    return_value = self.execute_callable()
  File "/home/airflow/.local/lib/python3.8/site-packages/airflow/operators/python.py", line 209, in execute_callable
    return self.python_callable(*self.op_args, **self.op_kwargs)
  File "/opt/airflow/dags/etl_v1.py", line 154, in _extract_videos
    df = get_video_details(youtube, v_ids, row["channel_id"], row["channel_name"])
  File "/opt/airflow/dags/etl_v1.py", line 136, in get_video_details
    "duration": v["contentDetails"]["duration"],
KeyError: 'duration'
[2025-11-01T22:41:33.633+0000] {taskinstance.py:1400} INFO - Marking task as FAILED. dag_id=youtube_hk_finance_etl, task_id=extract_videos, execution_date=20251101T223616, start_date=20251101T224128, end_date=20251101T224133
[2025-11-01T22:41:33.654+0000] {standard_task_runner.py:104} ERROR - Failed to execute job 11 for task extract_videos ('duration'; 735)
[2025-11-01T22:41:33.687+0000] {local_task_job_runner.py:228} INFO - Task exited with return code 1
[2025-11-01T22:41:33.724+0000] {taskinstance.py:2778} INFO - 0 downstream tasks scheduled from follow-on schedule check
